[debug] [2022-12-13T22:50:39.751Z] ----------------------------------------------------------------------
[debug] [2022-12-13T22:50:39.755Z] Command:       /nix/store/ra8r42571xvv1m85wanh1ll9mxmp0mwl-nodejs-16.13.2/bin/node /home/runner/mediumapp/.config/npm/node_global/bin/firebase init
[debug] [2022-12-13T22:50:39.755Z] CLI Version:   11.18.0
[debug] [2022-12-13T22:50:39.756Z] Platform:      linux
[debug] [2022-12-13T22:50:39.756Z] Node Version:  v16.13.2
[debug] [2022-12-13T22:50:39.756Z] Time:          Tue Dec 13 2022 22:50:39 GMT+0000 (Coordinated Universal Time)
[debug] [2022-12-13T22:50:39.757Z] ----------------------------------------------------------------------
[debug] 
[debug] [2022-12-13T22:50:39.766Z] > command requires scopes: ["email","openid","https://www.googleapis.com/auth/cloudplatformprojects.readonly","https://www.googleapis.com/auth/firebase","https://www.googleapis.com/auth/cloud-platform"]
[debug] [2022-12-13T22:50:39.767Z] > authorizing via signed-in user (ayushbhaiya100@gmail.com)
[info] 
     ######## #### ########  ######## ########     ###     ######  ########
     ##        ##  ##     ## ##       ##     ##  ##   ##  ##       ##
     ######    ##  ########  ######   ########  #########  ######  ######
     ##        ##  ##    ##  ##       ##     ## ##     ##       ## ##
     ##       #### ##     ## ######## ########  ##     ##  ######  ########

You're about to initialize a Firebase project in this directory:

  /home/runner/mediumapp/medium-cp

[info] 
=== Project Setup
[info] 
[info] First, let's associate this project directory with a Firebase project.
[info] You can create multiple project aliases by running firebase use --add, 
[info] but for now we'll just set up a default project.
[info] 
[debug] [2022-12-13T22:51:02.600Z] >>> [apiv2][query] GET https://firebase.googleapis.com/v1beta1/projects pageSize=100
[debug] [2022-12-13T22:51:02.915Z] <<< [apiv2][status] GET https://firebase.googleapis.com/v1beta1/projects 200
[debug] [2022-12-13T22:51:02.915Z] <<< [apiv2][body] GET https://firebase.googleapis.com/v1beta1/projects [omitted]
[info] i  Using project medium-clone-repl (medium-clone-repl) 
[info] 
=== Hosting Setup
[info] 
[info] Your public directory is the folder (relative to your project directory) that
[info] will contain Hosting assets to be uploaded with firebase deploy. If you
[info] have a build process for your assets, use your build's output directory.
[info] 
